<?xml version="1.0" encoding="UTF-8"?>
<testng-results ignored="0" total="2" passed="2" failed="0" skipped="0">
  <reporter-output>
  </reporter-output>
  <suite started-at="2023-07-06T20:39:45 IST" name="Default suite" finished-at="2023-07-06T20:39:46 IST" duration-ms="1249">
    <groups>
    </groups>
    <test started-at="2023-07-06T20:39:45 IST" name="Default test" finished-at="2023-07-06T20:39:46 IST" duration-ms="1249">
      <class name="day6.SerilizationDeserilization">
        <test-method signature="ConvertPojo2Json()[pri:0, instance:day6.SerilizationDeserilization@4fb3ee4e]" started-at="2023-07-06T20:39:45 IST" name="ConvertPojo2Json" finished-at="2023-07-06T20:39:46 IST" duration-ms="952" status="PASS">
          <reporter-output>
          </reporter-output>
        </test-method> <!-- ConvertPojo2Json -->
        <test-method signature="Json2Pojo()[pri:0, instance:day6.SerilizationDeserilization@4fb3ee4e]" started-at="2023-07-06T20:39:46 IST" name="Json2Pojo" finished-at="2023-07-06T20:39:46 IST" duration-ms="53" status="PASS">
          <reporter-output>
          </reporter-output>
        </test-method> <!-- Json2Pojo -->
      </class> <!-- day6.SerilizationDeserilization -->
    </test> <!-- Default test -->
  </suite> <!-- Default suite -->
</testng-results>
